{
  "RSpec": {
    "coverage": {
      "/Users/apprentice/Dropbox/DavidLadowitz/Week8/BaseCampClone/app/models/user.rb": [
        1,
        null,
        null,
        null,
        1,
        null,
        null,
        null,
        1,
        null,
        null,
        1,
        1,
        null,
        null
      ],
      "/Users/apprentice/Dropbox/DavidLadowitz/Week8/BaseCampClone/app/helpers/application_helper.rb": [
        1,
        null
      ],
      "/Users/apprentice/Dropbox/DavidLadowitz/Week8/BaseCampClone/app/helpers/lists_helper.rb": [
        1,
        null
      ],
      "/Users/apprentice/Dropbox/DavidLadowitz/Week8/BaseCampClone/app/helpers/memberships_helper.rb": [
        1,
        null
      ],
      "/Users/apprentice/Dropbox/DavidLadowitz/Week8/BaseCampClone/app/helpers/projects_helper.rb": [
        1,
        null
      ],
      "/Users/apprentice/Dropbox/DavidLadowitz/Week8/BaseCampClone/app/helpers/tasks_helper.rb": [
        1,
        null
      ],
      "/Users/apprentice/Dropbox/DavidLadowitz/Week8/BaseCampClone/app/helpers/tests_helper.rb": [
        1,
        null
      ],
      "/Users/apprentice/Dropbox/DavidLadowitz/Week8/BaseCampClone/app/models/project.rb": [
        1,
        1,
        null,
        1,
        null,
        1,
        1,
        1,
        null,
        1,
        null,
        null
      ]
    },
    "timestamp": 1343952901
  }
}
