{
  "RSpec": {
    "coverage": {
      "/Users/apprentice/Dropbox/DavidLadowitz/Week8/BaseCampClone/app/models/user.rb": [
        1,
        null,
        null,
        null,
        1,
        null,
        null,
        null,
        1,
        null,
        null
      ],
      "/Users/apprentice/Dropbox/DavidLadowitz/Week8/BaseCampClone/app/controllers/application_controller.rb": [
        1,
        1,
        null,
        1,
        null,
        null,
        null
      ],
      "/Users/apprentice/Dropbox/DavidLadowitz/Week8/BaseCampClone/app/helpers/application_helper.rb": [
        1,
        null
      ],
      "/Users/apprentice/Dropbox/DavidLadowitz/Week8/BaseCampClone/app/helpers/tests_helper.rb": [
        1,
        null
      ],
      "/Users/apprentice/Dropbox/DavidLadowitz/Week8/BaseCampClone/app/controllers/tests_controller.rb": [
        1,
        1,
        null,
        null,
        1,
        null,
        null
      ]
    },
    "timestamp": 1343858622
  }
}
